<?xml version="1.0" encoding="UTF-8"?>
<testsuite name="TestSubmarine" tests="2" skipped="0" failures="0" errors="0" timestamp="2018-08-14T07:29:13" hostname="DESKTOP-3EAHIN8" time="0.001">
  <properties/>
  <testcase name="testSubmarineIsaVesselImpl" classname="TestSubmarine" time="0.001"/>
  <testcase name="testSubmarineSize" classname="TestSubmarine" time="0.0"/>
  <system-out><![CDATA[]]></system-out>
  <system-err><![CDATA[]]></system-err>
</testsuite>
