<?xml version="1.0" encoding="UTF-8"?>
<testsuite name="TestDestroyer" tests="2" skipped="0" failures="0" errors="0" timestamp="2018-08-14T07:29:13" hostname="DESKTOP-3EAHIN8" time="0.0">
  <properties/>
  <testcase name="testDestroyerSizeisOne" classname="TestDestroyer" time="0.0"/>
  <testcase name="testDestroyerIsaVesselImpl" classname="TestDestroyer" time="0.0"/>
  <system-out><![CDATA[]]></system-out>
  <system-err><![CDATA[]]></system-err>
</testsuite>
