<?xml version="1.0" encoding="UTF-8"?>
<testsuite name="TestBattleship" tests="2" skipped="0" failures="0" errors="0" timestamp="2018-08-14T07:29:12" hostname="DESKTOP-3EAHIN8" time="0.012">
  <properties/>
  <testcase name="testBattleshipSize" classname="TestBattleship" time="0.002"/>
  <testcase name="testBattleshipIsaVesselImpl" classname="TestBattleship" time="0.009"/>
  <system-out><![CDATA[]]></system-out>
  <system-err><![CDATA[]]></system-err>
</testsuite>
